[0m22:38:44.771997 [debug] [MainThread]: Sending event: {'category': 'dbt', 'action': 'invocation', 'label': 'start', 'context': [<snowplow_tracker.self_describing_json.SelfDescribingJson object at 0x0000024A38216E70>, <snowplow_tracker.self_describing_json.SelfDescribingJson object at 0x0000024A39E33D10>, <snowplow_tracker.self_describing_json.SelfDescribingJson object at 0x0000024A37AC77A0>]}


============================== 22:38:44.921098 | 3dfe937c-211a-4d28-8ef9-6e33344a7054 ==============================
[0m22:38:44.921098 [info ] [MainThread]: Running with dbt=1.11.12
[0m22:38:44.921098 [debug] [MainThread]: running dbt with arguments {'static_parser': 'True', 'no_print': 'None', 'version_check': 'True', 'warn_error_options': 'WarnErrorOptionsV2(error=[], warn=[], silence=[])', 'target_path': 'None', 'printer_width': '80', 'write_json': 'True', 'empty': 'None', 'log_cache_events': 'False', 'introspect': 'True', 'cache_selected_only': 'False', 'log_format': 'default', 'debug': 'False', 'fail_fast': 'False', 'partial_parse': 'True', 'send_anonymous_usage_stats': 'True', 'quiet': 'False', 'warn_error': 'None', 'profiles_dir': 'C:\\Users\\nathi\\.dbt', 'invocation_command': 'dbt init dbt_api_dbt_duckdb', 'use_colors': 'True', 'indirect_selection': 'eager', 'use_experimental_parser': 'False', 'log_path': 'logs'}
[0m22:38:45.707849 [debug] [MainThread]: Starter project path: C:\Users\nathi\Downloads\Projetos\Autoral\api_dbt_duckdb\.venv\Lib\site-packages\dbt\include\starter_project
[0m22:38:45.773589 [info ] [MainThread]: 
Your new dbt project "dbt_api_dbt_duckdb" was created!

For more information on how to configure the profiles.yml file,
please consult the dbt documentation here:

  https://docs.getdbt.com/docs/configure-your-profile

One more thing:

Need help? Don't hesitate to reach out to us via GitHub issues or on Slack:

  https://community.getdbt.com/

Happy modeling!

[0m22:38:45.775588 [info ] [MainThread]: Setting up your profile.
[0m22:40:10.951365 [debug] [MainThread]: Command `dbt init` succeeded at 22:40:10.951365 after 86.47 seconds
[0m22:40:10.951365 [debug] [MainThread]: Sending event: {'category': 'dbt', 'action': 'invocation', 'label': 'end', 'context': [<snowplow_tracker.self_describing_json.SelfDescribingJson object at 0x0000024A388DA330>, <snowplow_tracker.self_describing_json.SelfDescribingJson object at 0x0000024A39DB7350>, <snowplow_tracker.self_describing_json.SelfDescribingJson object at 0x0000024A389B58B0>]}
[0m22:40:10.951365 [debug] [MainThread]: Flushing usage events
[0m22:40:11.831947 [debug] [MainThread]: An error was encountered while trying to flush usage events
[0m14:25:55.673330 [debug] [MainThread]: Sending event: {'category': 'dbt', 'action': 'invocation', 'label': 'start', 'context': [<snowplow_tracker.self_describing_json.SelfDescribingJson object at 0x00000216BED236B0>, <snowplow_tracker.self_describing_json.SelfDescribingJson object at 0x00000216BE9A0D70>, <snowplow_tracker.self_describing_json.SelfDescribingJson object at 0x00000216BE9A2390>]}


============================== 14:25:55.681889 | 2fc79034-ecc8-478e-8b62-2f61b73b4a37 ==============================
[0m14:25:55.681889 [info ] [MainThread]: Running with dbt=1.11.12
[0m14:25:55.681889 [debug] [MainThread]: running dbt with arguments {'version_check': 'True', 'no_print': 'None', 'static_parser': 'True', 'target_path': 'None', 'warn_error_options': 'WarnErrorOptionsV2(error=[], warn=[], silence=[])', 'printer_width': '80', 'write_json': 'True', 'introspect': 'True', 'log_cache_events': 'False', 'empty': 'None', 'cache_selected_only': 'False', 'log_format': 'default', 'debug': 'False', 'fail_fast': 'False', 'profiles_dir': 'C:\\Users\\nathi\\.dbt', 'send_anonymous_usage_stats': 'True', 'quiet': 'False', 'warn_error': 'None', 'partial_parse': 'True', 'use_colors': 'True', 'invocation_command': 'dbt show --select stg_exchange_rates.sql', 'indirect_selection': 'eager', 'use_experimental_parser': 'False', 'log_path': 'logs'}
[0m14:25:55.686423 [error] [MainThread]: Encountered an error:
Runtime Error
  No dbt_project.yml found at expected path C:\Users\nathi\Downloads\Projetos\Autoral\api_dbt_duckdb\dbt_project.yml
  Verify that each entry within packages.yml (and their transitive dependencies) contains a file named dbt_project.yml
  
[0m14:25:55.686423 [debug] [MainThread]: Command `dbt show` failed at 14:25:55.686423 after 0.48 seconds
[0m14:25:55.689680 [debug] [MainThread]: Sending event: {'category': 'dbt', 'action': 'invocation', 'label': 'end', 'context': [<snowplow_tracker.self_describing_json.SelfDescribingJson object at 0x00000216BF356F00>, <snowplow_tracker.self_describing_json.SelfDescribingJson object at 0x00000216BF357CB0>, <snowplow_tracker.self_describing_json.SelfDescribingJson object at 0x00000216BBF15220>]}
[0m14:25:55.689680 [debug] [MainThread]: Flushing usage events
[0m14:25:56.859423 [debug] [MainThread]: An error was encountered while trying to flush usage events
